********************************************************************************
product = Open Liberty 21.0.0.4 (wlp-1.0.51.cl210420210407-0944)
wlp.install.dir = /home/ibmdemo/Student/labs/devmode/demo-project/target/liberty/wlp/
java.home = /usr/lib/jvm/java-11-openjdk-amd64
java.version = 11.0.11
java.runtime = OpenJDK Runtime Environment (11.0.11+9-Ubuntu-0ubuntu2.18.04)
os = Linux (5.3.0-28-generic; amd64) (en_US)
process = 6151@ibmdemo-virtual-machine
********************************************************************************
[5/11/21, 15:26:55:594 CEST] 00000001 com.ibm.ws.kernel.launch.internal.FrameworkManager           A CWWKE0001I: The server defaultServer has been launched.
[5/11/21, 15:26:56:175 CEST] 00000016 com.ibm.ws.config.xml.internal.ServerXMLConfiguration        A CWWKG0093A: Processing configuration drop-ins resource: /home/ibmdemo/Student/labs/devmode/demo-project/target/liberty/wlp/usr/servers/defaultServer/configDropins/overrides/liberty-plugin-variable-config.xml
[5/11/21, 15:26:56:368 CEST] 00000001 com.ibm.ws.kernel.launch.internal.FrameworkManager           I CWWKE0002I: The kernel started after 0.987 seconds
[5/11/21, 15:26:56:378 CEST] 00000021 com.ibm.ws.kernel.feature.internal.FeatureManager            I CWWKF0007I: Feature update started.
[5/11/21, 15:26:56:412 CEST] 00000021 com.ibm.ws.kernel.feature.internal.FeatureManager            E CWWKF0001E: A feature definition could not be found for mpmetrics-2.3
[5/11/21, 15:26:56:412 CEST] 00000021 com.ibm.ws.kernel.feature.internal.FeatureManager            E CWWKF0001E: A feature definition could not be found for mpconfig-1.4
[5/11/21, 15:26:56:413 CEST] 00000021 com.ibm.ws.kernel.feature.internal.FeatureManager            E CWWKF0001E: A feature definition could not be found for cdi-2.0
[5/11/21, 15:26:56:414 CEST] 00000021 com.ibm.ws.kernel.feature.internal.FeatureManager            E CWWKF0001E: A feature definition could not be found for jsonp-1.1
[5/11/21, 15:26:56:414 CEST] 00000021 com.ibm.ws.kernel.feature.internal.FeatureManager            E CWWKF0001E: A feature definition could not be found for jaxrs-2.1
[5/11/21, 15:26:56:439 CEST] 00000021 com.ibm.ws.kernel.feature.internal.FeatureManager            I CWWKF0008I: Feature update completed in 0.064 seconds.
[5/11/21, 15:26:56:439 CEST] 00000021 com.ibm.ws.kernel.feature.internal.FeatureManager            A CWWKF0011I: The defaultServer server is ready to run a smarter planet. The defaultServer server started in 1.060 seconds.
[5/11/21, 15:27:02:716 CEST] 00000011 com.ibm.ws.kernel.launch.internal.ServerCommandListener      A CWWKE0055I: Server shutdown requested on Tuesday, May 11, 2021 at 3:27 PM. The server defaultServer is shutting down.
[5/11/21, 15:27:02:720 CEST] 0000002a com.ibm.ws.runtime.update.internal.RuntimeUpdateManagerImpl  A CWWKE1100I: Waiting for up to 30 seconds for the server to quiesce.
[5/11/21, 15:27:02:725 CEST] 0000002a com.ibm.ws.runtime.update.internal.RuntimeUpdateManagerImpl  I CWWKE1101I: Server quiesce complete.
[5/11/21, 15:27:02:864 CEST] 00000001 com.ibm.ws.kernel.launch.internal.FrameworkManager           A CWWKE0036I: The server defaultServer stopped after 7.485 seconds.
